<?xml version="1.0" encoding="UTF-8"?>
<!-- Generated by org.testng.reporters.JUnitXMLReporter -->
<testsuite ignored="0" hostname="LAPTOP-13MUH61E" failures="1" tests="14" name="diff features" time="30.549" errors="0" timestamp="2023-09-13T13:35:26 GMT-04:00">
  <testcase classname="TestNG.Googletest" name="GoogleTitleTest" time="0.013"/>
  <testcase classname="TestNG.Googletest" name="Logocheck" time="0.042"/>
  <testcase classname="TestNG.Assertequal" name="GoogleTitleTest" time="0.015">
    <failure type="java.lang.AssertionError" message="title is not matched expected [Google123] but found [Google]">
      <![CDATA[java.lang.AssertionError: title is not matched expected [Google123] but found [Google]
at TestNG.Assertequal.GoogleTitleTest(Assertequal.java:36)
at java.base/java.util.ArrayList.forEach(ArrayList.java:1511)
... Removed 32 stack frames]]>
    </failure>
  </testcase> <!-- GoogleTitleTest -->
  <testcase classname="TestNG.Invocationmethod" name="sum" time="0.001"/>
  <testcase classname="TestNG.Invocationmethod" name="sum" time="0.005"/>
  <testcase classname="TestNG.Invocationmethod" name="sum" time="0.001"/>
  <testcase classname="TestNG.Priorityexecution" name="GoogleTitleTest" time="0.012"/>
  <testcase classname="TestNG.Priorityexecution" name="Logocheck" time="0.03"/>
  <testcase classname="TestNG.Priorityexecution" name="Gmaillinktest" time="0.044"/>
  <testcase classname="TestNG.Priorityexecution" name="test4" time="0.004"/>
  <testcase classname="TestNG.Dependencycases" name="Logintest" time="0.001"/>
  <testcase classname="TestNG.Dependencycases" name="Homepagetest" time="0.002"/>
  <testcase classname="TestNG.Testngbasics" name="googletitletest" time="0.001"/>
  <testcase classname="TestNG.Exceptionaltimeout" name="test1" time="0.002"/>
</testsuite> <!-- diff features -->
